<?xml version="1.0" encoding="UTF-8"?>
<testsuite name="com.mindex.challenge.DataBootstrapTest" tests="1" skipped="0" failures="0" errors="0" timestamp="2023-05-01T01:39:23" hostname="DESKTOP-QC3JVOS" time="0.035">
  <properties/>
  <testcase name="test" classname="com.mindex.challenge.DataBootstrapTest" time="0.035"/>
  <system-out><![CDATA[2023-04-30 21:39:23.496  INFO 29432 --- [    Test worker] .b.t.c.SpringBootTestContextBootstrapper : Neither @ContextConfiguration nor @ContextHierarchy found for test class [com.mindex.challenge.DataBootstrapTest], using SpringBootContextLoader
2023-04-30 21:39:23.497  INFO 29432 --- [    Test worker] o.s.t.c.support.AbstractContextLoader    : Could not detect default resource locations for test class [com.mindex.challenge.DataBootstrapTest]: no resource found for suffixes {-context.xml, Context.groovy}.
2023-04-30 21:39:23.498  INFO 29432 --- [    Test worker] t.c.s.AnnotationConfigContextLoaderUtils : Could not detect default configuration classes for test class [com.mindex.challenge.DataBootstrapTest]: DataBootstrapTest does not declare any static, non-private, non-final, nested classes annotated with @Configuration.
2023-04-30 21:39:23.499  INFO 29432 --- [    Test worker] .b.t.c.SpringBootTestContextBootstrapper : Found @SpringBootConfiguration com.mindex.challenge.ChallengeApplication for test class com.mindex.challenge.DataBootstrapTest
2023-04-30 21:39:23.500  INFO 29432 --- [    Test worker] .b.t.c.SpringBootTestContextBootstrapper : Loaded default TestExecutionListener class names from location [META-INF/spring.factories]: [org.springframework.boot.test.autoconfigure.restdocs.RestDocsTestExecutionListener, org.springframework.boot.test.autoconfigure.web.client.MockRestServiceServerResetTestExecutionListener, org.springframework.boot.test.autoconfigure.web.servlet.MockMvcPrintOnlyOnFailureTestExecutionListener, org.springframework.boot.test.autoconfigure.web.servlet.WebDriverTestExecutionListener, org.springframework.boot.test.mock.mockito.MockitoTestExecutionListener, org.springframework.boot.test.mock.mockito.ResetMocksTestExecutionListener, org.springframework.test.context.web.ServletTestExecutionListener, org.springframework.test.context.support.DirtiesContextBeforeModesTestExecutionListener, org.springframework.test.context.support.DependencyInjectionTestExecutionListener, org.springframework.test.context.support.DirtiesContextTestExecutionListener, org.springframework.test.context.transaction.TransactionalTestExecutionListener, org.springframework.test.context.jdbc.SqlScriptsTestExecutionListener, org.springframework.test.context.event.EventPublishingTestExecutionListener]
2023-04-30 21:39:23.501  INFO 29432 --- [    Test worker] .b.t.c.SpringBootTestContextBootstrapper : Using TestExecutionListeners: [org.springframework.test.context.web.ServletTestExecutionListener@607241c7, org.springframework.test.context.support.DirtiesContextBeforeModesTestExecutionListener@191f002a, org.springframework.boot.test.mock.mockito.MockitoTestExecutionListener@2c5cce9, org.springframework.boot.test.autoconfigure.SpringBootDependencyInjectionTestExecutionListener@7fc4b82e, org.springframework.test.context.support.DirtiesContextTestExecutionListener@dcaa268, org.springframework.test.context.transaction.TransactionalTestExecutionListener@6cb5fdab, org.springframework.test.context.jdbc.SqlScriptsTestExecutionListener@403bc650, org.springframework.test.context.event.EventPublishingTestExecutionListener@1ae413b1, org.springframework.boot.test.autoconfigure.restdocs.RestDocsTestExecutionListener@42e52b67, org.springframework.boot.test.autoconfigure.web.client.MockRestServiceServerResetTestExecutionListener@1fece35, org.springframework.boot.test.autoconfigure.web.servlet.MockMvcPrintOnlyOnFailureTestExecutionListener@1fe9911c, org.springframework.boot.test.autoconfigure.web.servlet.WebDriverTestExecutionListener@25aa60cb, org.springframework.boot.test.mock.mockito.ResetMocksTestExecutionListener@4effd90a]
]]></system-out>
  <system-err><![CDATA[]]></system-err>
</testsuite>
