<?xml version="1.0" encoding="UTF-8"?>
<testsuite name="com.mindex.challenge.service.impl.EmployeeServiceImplTest" tests="2" skipped="0" failures="0" errors="0" timestamp="2023-05-01T01:39:25" hostname="DESKTOP-QC3JVOS" time="0.08">
  <properties/>
  <testcase name="testCreateReadUpdate" classname="com.mindex.challenge.service.impl.EmployeeServiceImplTest" time="0.034"/>
  <testcase name="testReportingStructure" classname="com.mindex.challenge.service.impl.EmployeeServiceImplTest" time="0.046"/>
  <system-out><![CDATA[2023-04-30 21:39:25.036  INFO 29432 --- [    Test worker] .b.t.c.SpringBootTestContextBootstrapper : Neither @ContextConfiguration nor @ContextHierarchy found for test class [com.mindex.challenge.service.impl.EmployeeServiceImplTest], using SpringBootContextLoader
2023-04-30 21:39:25.037  INFO 29432 --- [    Test worker] o.s.t.c.support.AbstractContextLoader    : Could not detect default resource locations for test class [com.mindex.challenge.service.impl.EmployeeServiceImplTest]: no resource found for suffixes {-context.xml, Context.groovy}.
2023-04-30 21:39:25.037  INFO 29432 --- [    Test worker] t.c.s.AnnotationConfigContextLoaderUtils : Could not detect default configuration classes for test class [com.mindex.challenge.service.impl.EmployeeServiceImplTest]: EmployeeServiceImplTest does not declare any static, non-private, non-final, nested classes annotated with @Configuration.
2023-04-30 21:39:25.039  INFO 29432 --- [    Test worker] .b.t.c.SpringBootTestContextBootstrapper : Found @SpringBootConfiguration com.mindex.challenge.ChallengeApplication for test class com.mindex.challenge.service.impl.EmployeeServiceImplTest
2023-04-30 21:39:25.040  INFO 29432 --- [    Test worker] .b.t.c.SpringBootTestContextBootstrapper : Loaded default TestExecutionListener class names from location [META-INF/spring.factories]: [org.springframework.boot.test.autoconfigure.restdocs.RestDocsTestExecutionListener, org.springframework.boot.test.autoconfigure.web.client.MockRestServiceServerResetTestExecutionListener, org.springframework.boot.test.autoconfigure.web.servlet.MockMvcPrintOnlyOnFailureTestExecutionListener, org.springframework.boot.test.autoconfigure.web.servlet.WebDriverTestExecutionListener, org.springframework.boot.test.mock.mockito.MockitoTestExecutionListener, org.springframework.boot.test.mock.mockito.ResetMocksTestExecutionListener, org.springframework.test.context.web.ServletTestExecutionListener, org.springframework.test.context.support.DirtiesContextBeforeModesTestExecutionListener, org.springframework.test.context.support.DependencyInjectionTestExecutionListener, org.springframework.test.context.support.DirtiesContextTestExecutionListener, org.springframework.test.context.transaction.TransactionalTestExecutionListener, org.springframework.test.context.jdbc.SqlScriptsTestExecutionListener, org.springframework.test.context.event.EventPublishingTestExecutionListener]
2023-04-30 21:39:25.041  INFO 29432 --- [    Test worker] .b.t.c.SpringBootTestContextBootstrapper : Using TestExecutionListeners: [org.springframework.test.context.web.ServletTestExecutionListener@7d81e268, org.springframework.test.context.support.DirtiesContextBeforeModesTestExecutionListener@3efdc55, org.springframework.boot.test.mock.mockito.MockitoTestExecutionListener@4270bd37, org.springframework.boot.test.autoconfigure.SpringBootDependencyInjectionTestExecutionListener@58fd714f, org.springframework.test.context.support.DirtiesContextTestExecutionListener@2a1d4a9a, org.springframework.test.context.transaction.TransactionalTestExecutionListener@576d36f8, org.springframework.test.context.jdbc.SqlScriptsTestExecutionListener@1033a027, org.springframework.test.context.event.EventPublishingTestExecutionListener@23f7cc67, org.springframework.boot.test.autoconfigure.restdocs.RestDocsTestExecutionListener@637e1b19, org.springframework.boot.test.autoconfigure.web.client.MockRestServiceServerResetTestExecutionListener@5d9a2b78, org.springframework.boot.test.autoconfigure.web.servlet.MockMvcPrintOnlyOnFailureTestExecutionListener@50a59a74, org.springframework.boot.test.autoconfigure.web.servlet.WebDriverTestExecutionListener@4dace0f3, org.springframework.boot.test.mock.mockito.ResetMocksTestExecutionListener@5e199c8c]
2023-04-30 21:39:25.056 DEBUG 29432 --- [o-auto-1-exec-4] c.m.c.controller.EmployeeController      : Received employee create request for [com.mindex.challenge.data.Employee@b7b4d97]
2023-04-30 21:39:25.057 DEBUG 29432 --- [o-auto-1-exec-4] c.m.c.service.impl.EmployeeServiceImpl   : Creating employee [com.mindex.challenge.data.Employee@b7b4d97]
2023-04-30 21:39:25.063 DEBUG 29432 --- [o-auto-1-exec-2] c.m.c.controller.EmployeeController      : Received employee create request for id [7ad2fd53-7526-49b7-82a3-287eb177daf2]
2023-04-30 21:39:25.063 DEBUG 29432 --- [o-auto-1-exec-2] c.m.c.service.impl.EmployeeServiceImpl   : Creating employee with id [7ad2fd53-7526-49b7-82a3-287eb177daf2]
2023-04-30 21:39:25.071 DEBUG 29432 --- [o-auto-1-exec-5] c.m.c.controller.EmployeeController      : Received employee create request for id [7ad2fd53-7526-49b7-82a3-287eb177daf2] and employee [com.mindex.challenge.data.Employee@3153f012]
2023-04-30 21:39:25.071 DEBUG 29432 --- [o-auto-1-exec-5] c.m.c.service.impl.EmployeeServiceImpl   : Updating employee [com.mindex.challenge.data.Employee@3153f012]
2023-04-30 21:39:25.081 DEBUG 29432 --- [o-auto-1-exec-6] c.m.c.controller.EmployeeController      : Received reporting structure read request for id [16a596ae-edd3-4847-99fe-c4518e82c86f]
2023-04-30 21:39:25.081 DEBUG 29432 --- [o-auto-1-exec-6] c.m.c.service.impl.EmployeeServiceImpl   : Fetching reporting structure for employee id [16a596ae-edd3-4847-99fe-c4518e82c86f]
2023-04-30 21:39:25.099 DEBUG 29432 --- [o-auto-1-exec-7] c.m.c.controller.EmployeeController      : Received reporting structure read request for id [b7839309-3348-463b-a7e3-5de1c168beb3]
2023-04-30 21:39:25.099 DEBUG 29432 --- [o-auto-1-exec-7] c.m.c.service.impl.EmployeeServiceImpl   : Fetching reporting structure for employee id [b7839309-3348-463b-a7e3-5de1c168beb3]
2023-04-30 21:39:25.104 DEBUG 29432 --- [o-auto-1-exec-8] c.m.c.controller.EmployeeController      : Received reporting structure read request for id [03aa1462-ffa9-4978-901b-7c001562cf6f]
2023-04-30 21:39:25.105 DEBUG 29432 --- [o-auto-1-exec-8] c.m.c.service.impl.EmployeeServiceImpl   : Fetching reporting structure for employee id [03aa1462-ffa9-4978-901b-7c001562cf6f]
2023-04-30 21:39:25.114 DEBUG 29432 --- [o-auto-1-exec-9] c.m.c.controller.EmployeeController      : Received reporting structure read request for id [c0c2293d-16bd-4603-8e08-638a9d18b22c]
2023-04-30 21:39:25.114 DEBUG 29432 --- [o-auto-1-exec-9] c.m.c.service.impl.EmployeeServiceImpl   : Fetching reporting structure for employee id [c0c2293d-16bd-4603-8e08-638a9d18b22c]
2023-04-30 21:39:25.119 DEBUG 29432 --- [-auto-1-exec-10] c.m.c.controller.EmployeeController      : Received reporting structure read request for id [62c1084e-6e34-4630-93fd-9153afb65309]
2023-04-30 21:39:25.119 DEBUG 29432 --- [-auto-1-exec-10] c.m.c.service.impl.EmployeeServiceImpl   : Fetching reporting structure for employee id [62c1084e-6e34-4630-93fd-9153afb65309]
]]></system-out>
  <system-err><![CDATA[]]></system-err>
</testsuite>
